C51 COMPILER V9.54   LED                                                                   05/12/2023 21:51:07 PAGE 1   


C51 COMPILER V9.54, COMPILATION OF MODULE LED
OBJECT MODULE PLACED IN .\Objects\LED.obj
COMPILER INVOKED BY: C:\Keil_v5\C51\BIN\C51.EXE HARDWARE\LED\LED.c OPTIMIZE(8,SPEED) BROWSE INCDIR(.\HARDWARE\kayboard;.
                    -\HARDWARE\LED;.\SYSTEM\Delay;.\SYSTEM\music;.\SYSTEM\Timer;.\SYSTEM\51sys) DEBUG OBJECTEXTEND PRINT(.\Listings\LED.lst) 
                    -OBJECT(.\Objects\LED.obj)

line level    source

   1          #include <REGX52.H>
   2          #include "LED.h"
   3          #include "Delay.h"
   4          
   5          //数码管段码表
   6          unsigned char ledcodeTable[]=
   7          {
   8                  0x3F,0x06,0x5B,0x4F,0x66,
   9                  0x6D,0x7D,0x07,0x7F,0x6F
  10          };
  11          
  12          
  13          //数码管显示子函数
  14          void led_display(unsigned char Location,Number)
  15          {
  16   1              switch(Location)                //位码输出
  17   1              {
  18   2                      case 1:P2_4=1;P2_3=1;P2_2=1;break;
  19   2                      case 2:P2_4=1;P2_3=1;P2_2=0;break;
  20   2                      case 3:P2_4=1;P2_3=0;P2_2=1;break;
  21   2                      case 4:P2_4=1;P2_3=0;P2_2=0;break;
  22   2                      case 5:P2_4=0;P2_3=1;P2_2=1;break;
  23   2                      case 6:P2_4=0;P2_3=1;P2_2=0;break;
  24   2                      case 7:P2_4=0;P2_3=0;P2_2=1;break;
  25   2                      case 8:P2_4=0;P2_3=0;P2_2=0;break;
  26   2              }
  27   1              P0=ledcodeTable[Number];        //段码输出
  28   1      }


MODULE INFORMATION:   STATIC OVERLAYABLE
   CODE SIZE        =     99    ----
   CONSTANT SIZE    =   ----    ----
   XDATA SIZE       =   ----    ----
   PDATA SIZE       =   ----    ----
   DATA SIZE        =     10    ----
   IDATA SIZE       =   ----    ----
   BIT SIZE         =   ----    ----
END OF MODULE INFORMATION.


C51 COMPILATION COMPLETE.  0 WARNING(S),  0 ERROR(S)
