C51 COMPILER V9.54   TIMER0                                                                05/12/2023 21:51:07 PAGE 1   


C51 COMPILER V9.54, COMPILATION OF MODULE TIMER0
OBJECT MODULE PLACED IN .\Objects\Timer0.obj
COMPILER INVOKED BY: C:\Keil_v5\C51\BIN\C51.EXE SYSTEM\Timer\Timer0.c OPTIMIZE(8,SPEED) BROWSE INCDIR(.\HARDWARE\kayboar
                    -d;.\HARDWARE\LED;.\SYSTEM\Delay;.\SYSTEM\music;.\SYSTEM\Timer;.\SYSTEM\51sys) DEBUG OBJECTEXTEND PRINT(.\Listings\Timer0
                    -.lst) OBJECT(.\Objects\Timer0.obj)

line level    source

   1          #include <REGX52.H>
   2          #include "Timer0.h"
   3          
   4          /**
   5            * @brief  定时器0初始化，1毫秒@12.000MHz
   6            * @param  无
   7            * @retval 无
   8            */
   9          void Timer0Init(void)
  10          {
  11   1              //TMOD &= 0xF0;         //设置定时器模式
  12   1              TMOD |= 0x01;           //设置定时器模式
  13   1              
  14   1              TL0 = 0x18;             //设置定时初值
  15   1              TH0 = 0xFC;             //设置定时初值
  16   1              
  17   1              TF0 = 0;                //清除中断请求TF0标志
  18   1              TR0 = 1;                //定时器0开始计时
  19   1              
  20   1              ET0 = 1;
  21   1              
  22   1              EA = 1;
  23   1              
  24   1              PT0 = 1;
  25   1      }
  26          
  27          void Timer1Init(void)
  28          {
  29   1              TMOD |= 0x10;           //设置定时器模式
  30   1      
  31   1              TL0 = 0x18;             //设置定时初值
  32   1              TH0 = 0xFC;             //设置定时初值
  33   1      
  34   1              TF1 = 0;                //清除中断请求TF1标志
  35   1              TR1 = 1;                //定时器1开始计时
  36   1      
  37   1              ET1 = 1;
  38   1      
  39   1              EA = 1;
  40   1      
  41   1              PT1 = 0;
  42   1      }
  43          
  44          void Exti0Init(void)
  45          {
  46   1              EA = 1;
  47   1              EX0 = 1;//允许外部中断0
  48   1              IT0 = 1;//选择外部中断0为电平触发方式
  49   1      }
  50          
  51          void Exti1Init(void)
  52          {
  53   1              EA = 1;
C51 COMPILER V9.54   TIMER0                                                                05/12/2023 21:51:07 PAGE 2   

  54   1              EX1 = 1;//允许外部中断0
  55   1              IT1 = 1;//选择外部中断0为电平触发方式
  56   1      }
  57          
  58          


MODULE INFORMATION:   STATIC OVERLAYABLE
   CODE SIZE        =     54    ----
   CONSTANT SIZE    =   ----    ----
   XDATA SIZE       =   ----    ----
   PDATA SIZE       =   ----    ----
   DATA SIZE        =   ----    ----
   IDATA SIZE       =   ----    ----
   BIT SIZE         =   ----    ----
END OF MODULE INFORMATION.


C51 COMPILATION COMPLETE.  0 WARNING(S),  0 ERROR(S)
